<?xml version="1.0" encoding="UTF-8"?>
<robot generator="Robot 5.0 (Python 3.10.0 on win32)" generated="20220506 17:28:51.657" rpa="false" schemaversion="3">
<suite id="s1" name="Demo10 Suite" source="C:\Users\Hiiii\Desktop\Robot\Robot_project\selenium_suite\demo10_suite.robot">
<test id="s1-t1" name="TC1" line="6">
<kw name="Append To Environment Variable" library="OperatingSystem">
<arg>Path</arg>
<arg>C:\\Users\\Naman Thakur\\PycharmProjects\\robot_project\\driver</arg>
<doc>Appends given ``values`` to environment variable ``name``.</doc>
<msg timestamp="20220506 17:28:52.247" level="INFO">Environment variable 'Path' set to value 'C:\Program Files\Python310\Scripts\;C:\Program Files\Python310\;C:\Program Files\Amazon Corretto\jdk11.0.12_7\bin;C:\WINDOWS\system32;C:\WINDOWS;C:\WINDOWS\System32\Wbem;C:\WINDOWS\System32\WindowsPowerShell\v1.0\;C:\WINDOWS\System32\OpenSSH\;C:\msys64\mingw64\bin;C;C:\Program Files\Git\cmd;C:\Users\Hiiii\AppData\Roaming\Python\Python310\Scripts;C:\Users\Hiiii\AppData\Local\Microsoft\WindowsApps;;C:\Users\Hiiii\AppData\Local\Programs\Microsoft VS Code\bin;C:\Users\Naman Thakur\PycharmProjects\robot_project\driver'.</msg>
<status status="PASS" starttime="20220506 17:28:52.246" endtime="20220506 17:28:52.247"/>
</kw>
<kw name="Open Browser" library="SeleniumLibrary">
<arg>url=https://smallpdf.com/pdf-to-word</arg>
<arg>browser=chrome</arg>
<doc>Opens a new browser instance to the optional ``url``.</doc>
<msg timestamp="20220506 17:28:52.248" level="INFO">Opening browser 'chrome' to base url 'https://smallpdf.com/pdf-to-word'.</msg>
<msg timestamp="20220506 17:28:52.286" level="INFO">Cannot capture screenshot because no browser is open.</msg>
<msg timestamp="20220506 17:28:52.286" level="FAIL">WebDriverException: Message: 'chromedriver' executable needs to be in PATH. Please see https://chromedriver.chromium.org/home
</msg>
<status status="FAIL" starttime="20220506 17:28:52.248" endtime="20220506 17:28:52.286"/>
</kw>
<kw name="Maximize Browser Window" library="SeleniumLibrary">
<doc>Maximizes current browser window.</doc>
<status status="NOT RUN" starttime="20220506 17:28:52.293" endtime="20220506 17:28:52.293"/>
</kw>
<kw name="Set Selenium Implicit Wait" library="SeleniumLibrary">
<arg>30s</arg>
<doc>Sets the implicit wait value used by Selenium.</doc>
<status status="NOT RUN" starttime="20220506 17:28:52.295" endtime="20220506 17:28:52.295"/>
</kw>
<kw name="Click Element" library="SeleniumLibrary">
<arg>xpath=//span[text()='Got it']</arg>
<doc>Click the element identified by ``locator``.</doc>
<status status="NOT RUN" starttime="20220506 17:28:52.295" endtime="20220506 17:28:52.295"/>
</kw>
<kw name="Choose File" library="SeleniumLibrary">
<arg>xpath=//input[@type='file']</arg>
<arg>C:${/}Users\\\Hiiii\\Desktop\\LTTS\\New</arg>
<doc>Inputs the ``file_path`` into the file input field ``locator``.</doc>
<status status="NOT RUN" starttime="20220506 17:28:52.296" endtime="20220506 17:28:52.297"/>
</kw>
<kw name="Get Title" library="SeleniumLibrary">
<var>${current_title}</var>
<doc>Returns the title of the current page.</doc>
<status status="NOT RUN" starttime="20220506 17:28:52.297" endtime="20220506 17:28:52.297"/>
</kw>
<kw name="Log To Console" library="BuiltIn">
<arg>${current_title}</arg>
<doc>Logs the given message to the console.</doc>
<status status="NOT RUN" starttime="20220506 17:28:52.298" endtime="20220506 17:28:52.298"/>
</kw>
<kw name="Get Location" library="SeleniumLibrary">
<var>${current_location}</var>
<doc>Returns the current browser window URL.</doc>
<status status="NOT RUN" starttime="20220506 17:28:52.298" endtime="20220506 17:28:52.299"/>
</kw>
<kw name="Log To Console" library="BuiltIn">
<arg>${current_location}</arg>
<doc>Logs the given message to the console.</doc>
<status status="NOT RUN" starttime="20220506 17:28:52.299" endtime="20220506 17:28:52.299"/>
</kw>
<kw name="Get Source" library="SeleniumLibrary">
<var>${html_source}</var>
<doc>Returns the entire HTML source of the current page or frame.</doc>
<status status="NOT RUN" starttime="20220506 17:28:52.300" endtime="20220506 17:28:52.300"/>
</kw>
<status status="FAIL" starttime="20220506 17:28:52.245" endtime="20220506 17:28:52.301">WebDriverException: Message: 'chromedriver' executable needs to be in PATH. Please see https://chromedriver.chromium.org/home
</status>
</test>
<status status="FAIL" starttime="20220506 17:28:51.661" endtime="20220506 17:28:52.304"/>
</suite>
<statistics>
<total>
<stat pass="0" fail="1" skip="0">All Tests</stat>
</total>
<tag>
</tag>
<suite>
<stat pass="0" fail="1" skip="0" id="s1" name="Demo10 Suite">Demo10 Suite</stat>
</suite>
</statistics>
<errors>
</errors>
</robot>
